Release 14.4 - xst P.49d (nt64)
Copyright (c) 1995-2012 Xilinx, Inc.  All rights reserved.
--> Parameter TMPDIR set to xst/projnav.tmp


Total REAL time to Xst completion: 0.00 secs
Total CPU time to Xst completion: 0.10 secs
 
--> Parameter xsthdpdir set to xst


Total REAL time to Xst completion: 0.00 secs
Total CPU time to Xst completion: 0.10 secs
 
--> Reading design: main.prj

TABLE OF CONTENTS
  1) Synthesis Options Summary
  2) HDL Parsing
  3) HDL Elaboration
  4) HDL Synthesis
       4.1) HDL Synthesis Report
  5) Advanced HDL Synthesis
       5.1) Advanced HDL Synthesis Report
  6) Low Level Synthesis
  7) Partition Report
  8) Design Summary
       8.1) Primitive and Black Box Usage
       8.2) Device utilization summary
       8.3) Partition Resource Summary
       8.4) Timing Report
            8.4.1) Clock Information
            8.4.2) Asynchronous Control Signals Information
            8.4.3) Timing Summary
            8.4.4) Timing Details
            8.4.5) Cross Clock Domains Report


=========================================================================
*                      Synthesis Options Summary                        *
=========================================================================
---- Source Parameters
Input File Name                    : "main.prj"
Ignore Synthesis Constraint File   : NO

---- Target Parameters
Output File Name                   : "main"
Output Format                      : NGC
Target Device                      : xc6slx45-3-csg324

---- Source Options
Top Module Name                    : main
Automatic FSM Extraction           : YES
FSM Encoding Algorithm             : Auto
Safe Implementation                : No
FSM Style                          : LUT
RAM Extraction                     : Yes
RAM Style                          : Auto
ROM Extraction                     : Yes
Shift Register Extraction          : YES
ROM Style                          : Auto
Resource Sharing                   : YES
Asynchronous To Synchronous        : NO
Shift Register Minimum Size        : 2
Use DSP Block                      : Auto
Automatic Register Balancing       : No

---- Target Options
LUT Combining                      : Auto
Reduce Control Sets                : Auto
Add IO Buffers                     : YES
Global Maximum Fanout              : 100000
Add Generic Clock Buffer(BUFG)     : 16
Register Duplication               : YES
Optimize Instantiated Primitives   : NO
Use Clock Enable                   : Auto
Use Synchronous Set                : Auto
Use Synchronous Reset              : Auto
Pack IO Registers into IOBs        : Auto
Equivalent register Removal        : YES

---- General Options
Optimization Goal                  : Speed
Optimization Effort                : 1
Power Reduction                    : NO
Keep Hierarchy                     : No
Netlist Hierarchy                  : As_Optimized
RTL Output                         : Yes
Global Optimization                : AllClockNets
Read Cores                         : YES
Write Timing Constraints           : NO
Cross Clock Analysis               : NO
Hierarchy Separator                : /
Bus Delimiter                      : <>
Case Specifier                     : Maintain
Slice Utilization Ratio            : 100
BRAM Utilization Ratio             : 100
DSP48 Utilization Ratio            : 100
Auto BRAM Packing                  : NO
Slice Utilization Ratio Delta      : 5

=========================================================================


=========================================================================
*                          HDL Parsing                                  *
=========================================================================
Analyzing Verilog file "E:\DDP\Xilinx\ISE\counter_4bit_behav_nonmodular_27reg\main.v" into library work
Parsing module <main>.

=========================================================================
*                            HDL Elaboration                            *
=========================================================================

Elaborating module <main>.

Elaborating module <IBUFG>.

Elaborating module <BUFG>.
WARNING:HDLCompiler:413 - "E:\DDP\Xilinx\ISE\counter_4bit_behav_nonmodular_27reg\main.v" Line 40: Result of 28-bit expression is truncated to fit in 27-bit target.
WARNING:HDLCompiler:413 - "E:\DDP\Xilinx\ISE\counter_4bit_behav_nonmodular_27reg\main.v" Line 43: Result of 32-bit expression is truncated to fit in 1-bit target.

=========================================================================
*                           HDL Synthesis                               *
=========================================================================

Synthesizing Unit <main>.
    Related source file is "E:\DDP\Xilinx\ISE\counter_4bit_behav_nonmodular_27reg\main.v".
    Found 4-bit register for signal <count>.
    Found 27-bit register for signal <delay>.
    Found 27-bit adder for signal <delay[26]_GND_1_o_add_1_OUT> created at line 40.
    Summary:
	inferred   1 Adder/Subtractor(s).
	inferred  31 D-type flip-flop(s).
Unit <main> synthesized.

=========================================================================
HDL Synthesis Report

Macro Statistics
# Adders/Subtractors                                   : 1
 27-bit adder                                          : 1
# Registers                                            : 2
 27-bit register                                       : 1
 4-bit register                                        : 1
# Xors                                                 : 4
 1-bit xor2                                            : 3
 32-bit xor2                                           : 1

=========================================================================

=========================================================================
*                       Advanced HDL Synthesis                          *
=========================================================================


Synthesizing (advanced) Unit <main>.
The following registers are absorbed into counter <delay>: 1 register on signal <delay>.
Unit <main> synthesized (advanced).

=========================================================================
Advanced HDL Synthesis Report

Macro Statistics
# Counters                                             : 1
 27-bit up counter                                     : 1
# Registers                                            : 4
 Flip-Flops                                            : 4
# Xors                                                 : 4
 1-bit xor2                                            : 3
 32-bit xor2                                           : 1

=========================================================================

=========================================================================
*                         Low Level Synthesis                           *
=========================================================================

Optimizing unit <main> ...

Mapping all equations...
Building and optimizing final netlist ...
Found area constraint ratio of 100 (+ 5) on block main, actual ratio is 0.

Final Macro Processing ...

=========================================================================
Final Register Report

Macro Statistics
# Registers                                            : 31
 Flip-Flops                                            : 31

=========================================================================

=========================================================================
*                           Partition Report                            *
=========================================================================

Partition Implementation Status
-------------------------------

  No Partitions were found in this design.

-------------------------------

=========================================================================
*                            Design Summary                             *
=========================================================================

Top Level Output File Name         : main.ngc

Primitive and Black Box Usage:
------------------------------
# BELS                             : 124
#      GND                         : 1
#      INV                         : 1
#      LUT1                        : 26
#      LUT2                        : 28
#      LUT3                        : 2
#      LUT4                        : 1
#      LUT5                        : 2
#      LUT6                        : 9
#      MUXCY                       : 26
#      VCC                         : 1
#      XORCY                       : 27
# FlipFlops/Latches                : 31
#      FD                          : 27
#      FDE                         : 4
# Clock Buffers                    : 1
#      BUFG                        : 1
# IO Buffers                       : 6
#      IBUF                        : 1
#      IBUFG                       : 1
#      OBUF                        : 4

Device utilization summary:
---------------------------

Selected Device : 6slx45csg324-3 


Slice Logic Utilization: 
 Number of Slice Registers:              31  out of  54576     0%  
 Number of Slice LUTs:                   69  out of  27288     0%  
    Number used as Logic:                69  out of  27288     0%  

Slice Logic Distribution: 
 Number of LUT Flip Flop pairs used:     69
   Number with an unused Flip Flop:      38  out of     69    55%  
   Number with an unused LUT:             0  out of     69     0%  
   Number of fully used LUT-FF pairs:    31  out of     69    44%  
   Number of unique control sets:         2

IO Utilization: 
 Number of IOs:                           6
 Number of bonded IOBs:                   6  out of    218     2%  

Specific Feature Utilization:
 Number of BUFG/BUFGCTRLs:                1  out of     16     6%  

---------------------------
Partition Resource Summary:
---------------------------

  No Partitions were found in this design.

---------------------------


=========================================================================
Timing Report

NOTE: THESE TIMING NUMBERS ARE ONLY A SYNTHESIS ESTIMATE.
      FOR ACCURATE TIMING INFORMATION PLEASE REFER TO THE TRACE REPORT
      GENERATED AFTER PLACE-and-ROUTE.

Clock Information:
------------------
-----------------------------------+------------------------+-------+
Clock Signal                       | Clock buffer(FF name)  | Load  |
-----------------------------------+------------------------+-------+
clk                                | IBUFG+BUFG             | 31    |
-----------------------------------+------------------------+-------+

Asynchronous Control Signals Information:
----------------------------------------
No asynchronous control signals found in this design

Timing Summary:
---------------
Speed Grade: -3

   Minimum period: 4.074ns (Maximum Frequency: 245.453MHz)
   Minimum input arrival time before clock: 2.997ns
   Maximum output required time after clock: 3.732ns
   Maximum combinational path delay: No path found

Timing Details:
---------------
All values displayed in nanoseconds (ns)

=========================================================================
Timing constraint: Default period analysis for Clock 'clk'
  Clock period: 4.074ns (frequency: 245.453MHz)
  Total number of paths / destination ports: 1225 / 35
-------------------------------------------------------------------------
Delay:               4.074ns (Levels of Logic = 3)
  Source:            delay_3 (FF)
  Destination:       delay_0 (FF)
  Source Clock:      clk rising
  Destination Clock: clk rising

  Data Path: delay_3 to delay_0
                                Gate     Net
    Cell:in->out      fanout   Delay   Delay  Logical Name (Net Name)
    ----------------------------------------  ------------
     FD:C->Q               2   0.447   0.981  delay_3 (delay_3)
     LUT6:I0->O            6   0.203   0.973  delay[26]_PWR_1_o_equal_3_o<26>2 (delay[26]_PWR_1_o_equal_3_o<26>1)
     LUT6:I3->O           14   0.205   0.958  delay[26]_PWR_1_o_equal_3_o<26>7 (delay[26]_PWR_1_o_equal_3_o)
     LUT2:I1->O            1   0.205   0.000  delay_0_rstpot (delay_0_rstpot)
     FD:D                      0.102          delay_0
    ----------------------------------------
    Total                      4.074ns (1.162ns logic, 2.912ns route)
                                       (28.5% logic, 71.5% route)

=========================================================================
Timing constraint: Default OFFSET IN BEFORE for Clock 'clk'
  Total number of paths / destination ports: 4 / 4
-------------------------------------------------------------------------
Offset:              2.997ns (Levels of Logic = 3)
  Source:            clear (PAD)
  Destination:       count_0 (FF)
  Destination Clock: clk rising

  Data Path: clear to count_0
                                Gate     Net
    Cell:in->out      fanout   Delay   Delay  Logical Name (Net Name)
    ----------------------------------------  ------------
     IBUF:I->O             4   1.222   0.684  clear_IBUF (clear_IBUF)
     LUT2:I1->O            1   0.205   0.580  delay[26]_PWR_1_o_equal_3_o<26>7_rstpot_SW0 (N2)
     LUT6:I5->O            1   0.205   0.000  count_0_dpot (count_0_dpot)
     FDE:D                     0.102          count_0
    ----------------------------------------
    Total                      2.997ns (1.734ns logic, 1.263ns route)
                                       (57.9% logic, 42.1% route)

=========================================================================
Timing constraint: Default OFFSET OUT AFTER for Clock 'clk'
  Total number of paths / destination ports: 4 / 4
-------------------------------------------------------------------------
Offset:              3.732ns (Levels of Logic = 1)
  Source:            count_0 (FF)
  Destination:       count<0> (PAD)
  Source Clock:      clk rising

  Data Path: count_0 to count<0>
                                Gate     Net
    Cell:in->out      fanout   Delay   Delay  Logical Name (Net Name)
    ----------------------------------------  ------------
     FDE:C->Q              5   0.447   0.714  count_0 (count_0)
     OBUF:I->O                 2.571          count_0_OBUF (count<0>)
    ----------------------------------------
    Total                      3.732ns (3.018ns logic, 0.714ns route)
                                       (80.9% logic, 19.1% route)

=========================================================================

Cross Clock Domains Report:
--------------------------

Clock to Setup on destination clock clk
---------------+---------+---------+---------+---------+
               | Src:Rise| Src:Fall| Src:Rise| Src:Fall|
Source Clock   |Dest:Rise|Dest:Rise|Dest:Fall|Dest:Fall|
---------------+---------+---------+---------+---------+
clk            |    4.074|         |         |         |
---------------+---------+---------+---------+---------+

=========================================================================


Total REAL time to Xst completion: 5.00 secs
Total CPU time to Xst completion: 5.15 secs
 
--> 

Total memory usage is 275068 kilobytes

Number of errors   :    0 (   0 filtered)
Number of warnings :    2 (   0 filtered)
Number of infos    :    0 (   0 filtered)

