Release 14.4 - xst P.49d (nt64)
Copyright (c) 1995-2012 Xilinx, Inc.  All rights reserved.
--> Parameter TMPDIR set to xst/projnav.tmp


Total REAL time to Xst completion: 0.00 secs
Total CPU time to Xst completion: 0.10 secs
 
--> Parameter xsthdpdir set to xst


Total REAL time to Xst completion: 0.00 secs
Total CPU time to Xst completion: 0.10 secs
 
--> Reading design: top.prj

TABLE OF CONTENTS
  1) Synthesis Options Summary
  2) HDL Parsing
  3) HDL Elaboration
  4) HDL Synthesis
       4.1) HDL Synthesis Report
  5) Advanced HDL Synthesis
       5.1) Advanced HDL Synthesis Report
  6) Low Level Synthesis
  7) Partition Report
  8) Design Summary
       8.1) Primitive and Black Box Usage
       8.2) Device utilization summary
       8.3) Partition Resource Summary
       8.4) Timing Report
            8.4.1) Clock Information
            8.4.2) Asynchronous Control Signals Information
            8.4.3) Timing Summary
            8.4.4) Timing Details
            8.4.5) Cross Clock Domains Report


=========================================================================
*                      Synthesis Options Summary                        *
=========================================================================
---- Source Parameters
Input File Name                    : "top.prj"
Ignore Synthesis Constraint File   : NO

---- Target Parameters
Output File Name                   : "top"
Output Format                      : NGC
Target Device                      : xc6slx45-3-csg324

---- Source Options
Top Module Name                    : top
Automatic FSM Extraction           : YES
FSM Encoding Algorithm             : Auto
Safe Implementation                : No
FSM Style                          : LUT
RAM Extraction                     : Yes
RAM Style                          : Auto
ROM Extraction                     : Yes
Shift Register Extraction          : YES
ROM Style                          : Auto
Resource Sharing                   : YES
Asynchronous To Synchronous        : NO
Shift Register Minimum Size        : 2
Use DSP Block                      : Auto
Automatic Register Balancing       : No

---- Target Options
LUT Combining                      : Auto
Reduce Control Sets                : Auto
Add IO Buffers                     : YES
Global Maximum Fanout              : 100000
Add Generic Clock Buffer(BUFG)     : 16
Register Duplication               : YES
Optimize Instantiated Primitives   : NO
Use Clock Enable                   : Auto
Use Synchronous Set                : Auto
Use Synchronous Reset              : Auto
Pack IO Registers into IOBs        : Auto
Equivalent register Removal        : YES

---- General Options
Optimization Goal                  : Speed
Optimization Effort                : 1
Power Reduction                    : NO
Keep Hierarchy                     : No
Netlist Hierarchy                  : As_Optimized
RTL Output                         : Yes
Global Optimization                : AllClockNets
Read Cores                         : YES
Write Timing Constraints           : NO
Cross Clock Analysis               : NO
Hierarchy Separator                : /
Bus Delimiter                      : <>
Case Specifier                     : Maintain
Slice Utilization Ratio            : 100
BRAM Utilization Ratio             : 100
DSP48 Utilization Ratio            : 100
Auto BRAM Packing                  : NO
Slice Utilization Ratio Delta      : 5

=========================================================================


=========================================================================
*                          HDL Parsing                                  *
=========================================================================
Parsing VHDL file "E:\Desktop\Assign4\Attempt2 - Shivram\ram_mod.vhd" into library work
Parsing entity <ram>.
Parsing architecture <Behavioral> of entity <ram>.
Parsing VHDL file "E:\Desktop\Assign4\Attempt2 - Shivram\ram_store.vhd" into library work
Parsing entity <ram_store>.
Parsing architecture <Behavioral> of entity <ram_store>.
Parsing VHDL file "E:\Desktop\Assign4\Attempt2 - Shivram\ram.vhd" into library work
Parsing entity <A_row>.
Parsing architecture <Behavioral> of entity <a_row>.
Parsing VHDL file "E:\Desktop\Assign4\Attempt2 - Shivram\comm_fpga_fx2.vhd" into library work
Parsing entity <comm_fpga_fx2>.
Parsing architecture <behavioural> of entity <comm_fpga_fx2>.
Parsing VHDL file "E:\Desktop\Assign4\Attempt2 - Shivram\top.vhd" into library work
Parsing entity <top>.
Parsing architecture <Behavioral> of entity <top>.

=========================================================================
*                            HDL Elaboration                            *
=========================================================================

Elaborating entity <top> (architecture <Behavioral>) from library <work>.

Elaborating entity <A_row> (architecture <Behavioral>) from library <work>.

Elaborating entity <ram> (architecture <Behavioral>) from library <work>.

Elaborating entity <ram_store> (architecture <Behavioral>) from library <work>.

Elaborating entity <comm_fpga_fx2> (architecture <behavioural>) from library <work>.

=========================================================================
*                           HDL Synthesis                               *
=========================================================================

Synthesizing Unit <top>.
    Related source file is "E:\Desktop\Assign4\Attempt2 - Shivram\top.vhd".
    Found 2-bit register for signal <col>.
    Found 2-bit register for signal <module_enable>.
    Found 2-bit register for signal <col_send>.
    Found 3-bit register for signal <num_b>.
    Found 1-bit register for signal <processing_enable>.
    Found 2-bit register for signal <module_enable_send>.
    Found 1-bit register for signal <fetch>.
    Found 8-bit register for signal <fetch_count>.
    Found 8-bit register for signal <col_read>.
    Found 1-bit register for signal <multiply>.
    Found 8-bit register for signal <multiply_count>.
    Found 1-bit register for signal <store_data>.
    Found 8-bit register for signal <sh1>.
    Found 8-bit register for signal <sh2>.
    Found 1-bit register for signal <processing_stop>.
    Found 8-bit register for signal <store_data_count>.
    Found 8-bit register for signal <Arow1_count>.
    Found 8-bit register for signal <Arow2_count>.
    Found 8-bit register for signal <B_count>.
    Found 8-bit register for signal <s1_count>.
    Found 8-bit register for signal <s2_count>.
    Found 8-bit register for signal <reg0>.
    Found 2-bit adder for signal <module_enable[1]_GND_4_o_add_2_OUT> created at line 132.
    Found 2-bit adder for signal <col[1]_GND_4_o_add_3_OUT> created at line 134.
    Found 3-bit adder for signal <num_b[2]_GND_4_o_add_13_OUT> created at line 147.
    Found 8-bit adder for signal <fetch_count[7]_GND_4_o_add_27_OUT> created at line 164.
    Found 8-bit adder for signal <col_read[7]_GND_4_o_add_28_OUT> created at line 165.
    Found 8-bit adder for signal <multiply_count[7]_GND_4_o_add_31_OUT> created at line 170.
    Found 8-bit adder for signal <store_data_count[7]_GND_4_o_add_40_OUT> created at line 190.
    Found 8-bit adder for signal <Arow1_count[7]_GND_4_o_add_51_OUT> created at line 197.
    Found 8-bit adder for signal <Arow2_count[7]_GND_4_o_add_54_OUT> created at line 200.
    Found 8-bit adder for signal <B_count[7]_GND_4_o_add_57_OUT> created at line 203.
    Found 8-bit adder for signal <s1_count[7]_GND_4_o_add_60_OUT> created at line 206.
    Found 8-bit adder for signal <s2_count[7]_GND_4_o_add_63_OUT> created at line 209.
    Found 2-bit comparator greater for signal <n0000> created at line 129
INFO:Xst:2774 - HDL ADVISOR - KEEP property attached to signal shared_sum1 may hinder XST clustering optimizations.
INFO:Xst:2774 - HDL ADVISOR - KEEP property attached to signal shared_sum2 may hinder XST clustering optimizations.
    Summary:
	inferred  12 Adder/Subtractor(s).
	inferred 112 D-type flip-flop(s).
	inferred   1 Comparator(s).
	inferred   3 Multiplexer(s).
Unit <top> synthesized.

Synthesizing Unit <A_row>.
    Related source file is "E:\Desktop\Assign4\Attempt2 - Shivram\ram.vhd".
    Found 8-bit register for signal <sum>.
    Found 16-bit adder for signal <n0017> created at line 67.
    Found 8x8-bit multiplier for signal <n0022> created at line 67.
    Found 2-bit comparator equal for signal <we> created at line 77
    Summary:
	inferred   1 Multiplier(s).
	inferred   1 Adder/Subtractor(s).
	inferred   8 D-type flip-flop(s).
	inferred   1 Comparator(s).
Unit <A_row> synthesized.

Synthesizing Unit <ram>.
    Related source file is "E:\Desktop\Assign4\Attempt2 - Shivram\ram_mod.vhd".
    Found 8-bit register for signal <debug_data>.
    Found 8-bit register for signal <data_o>.
    Found 8-bit adder for signal <w_address[7]_GND_7_o_add_0_OUT> created at line 59.
    Found 256x8-bit dual-port RAM <Mram_ram> for signal <ram>.
    Summary:
	inferred   2 RAM(s).
	inferred   1 Adder/Subtractor(s).
	inferred  16 D-type flip-flop(s).
Unit <ram> synthesized.

Synthesizing Unit <ram_store>.
    Related source file is "E:\Desktop\Assign4\Attempt2 - Shivram\ram_store.vhd".
    Found 256x8-bit dual-port RAM <Mram_ram> for signal <ram>.
    Found 8-bit register for signal <data_o>.
    Found 8-bit adder for signal <w_address[7]_GND_28_o_add_0_OUT> created at line 56.
    Summary:
	inferred   1 RAM(s).
	inferred   1 Adder/Subtractor(s).
	inferred   8 D-type flip-flop(s).
Unit <ram_store> synthesized.

Synthesizing Unit <comm_fpga_fx2>.
    Related source file is "E:\Desktop\Assign4\Attempt2 - Shivram\comm_fpga_fx2.vhd".
    Found 32-bit register for signal <count>.
    Found 7-bit register for signal <chanAddr>.
    Found 1-bit register for signal <isWrite>.
    Found 1-bit register for signal <isAligned>.
    Found 4-bit register for signal <state>.
    Found finite state machine <FSM_0> for signal <state>.
    -----------------------------------------------------------------------
    | States             | 10                                             |
    | Transitions        | 21                                             |
    | Inputs             | 5                                              |
    | Outputs            | 8                                              |
    | Clock              | fx2Clk_in (rising_edge)                        |
    | Power Up State     | s_idle                                         |
    | Encoding           | auto                                           |
    | Implementation     | LUT                                            |
    -----------------------------------------------------------------------
    Found 32-bit subtractor for signal <GND_29_o_GND_29_o_sub_18_OUT<31:0>> created at line 1308.
    Found 1-bit tristate buffer for signal <fx2Data_io<7>> created at line 230
    Found 1-bit tristate buffer for signal <fx2Data_io<6>> created at line 230
    Found 1-bit tristate buffer for signal <fx2Data_io<5>> created at line 230
    Found 1-bit tristate buffer for signal <fx2Data_io<4>> created at line 230
    Found 1-bit tristate buffer for signal <fx2Data_io<3>> created at line 230
    Found 1-bit tristate buffer for signal <fx2Data_io<2>> created at line 230
    Found 1-bit tristate buffer for signal <fx2Data_io<1>> created at line 230
    Found 1-bit tristate buffer for signal <fx2Data_io<0>> created at line 230
    Summary:
	inferred   1 Adder/Subtractor(s).
	inferred  41 D-type flip-flop(s).
	inferred  48 Multiplexer(s).
	inferred   8 Tristate(s).
	inferred   1 Finite State Machine(s).
Unit <comm_fpga_fx2> synthesized.

=========================================================================
HDL Synthesis Report

Macro Statistics
# RAMs                                                 : 8
 256x8-bit dual-port RAM                               : 8
# Multipliers                                          : 2
 8x8-bit multiplier                                    : 2
# Adders/Subtractors                                   : 20
 16-bit adder                                          : 2
 2-bit adder                                           : 2
 3-bit adder                                           : 1
 32-bit subtractor                                     : 1
 8-bit adder                                           : 14
# Registers                                            : 36
 1-bit register                                        : 7
 2-bit register                                        : 4
 3-bit register                                        : 1
 32-bit register                                       : 1
 7-bit register                                        : 1
 8-bit register                                        : 22
# Comparators                                          : 3
 2-bit comparator equal                                : 2
 2-bit comparator greater                              : 1
# Multiplexers                                         : 51
 1-bit 2-to-1 multiplexer                              : 35
 2-bit 2-to-1 multiplexer                              : 7
 3-bit 2-to-1 multiplexer                              : 2
 32-bit 2-to-1 multiplexer                             : 5
 8-bit 2-to-1 multiplexer                              : 2
# Tristates                                            : 8
 1-bit tristate buffer                                 : 8
# FSMs                                                 : 1

=========================================================================

=========================================================================
*                       Advanced HDL Synthesis                          *
=========================================================================


Synthesizing (advanced) Unit <A_row>.
The following registers are absorbed into accumulator <sum>: 1 register on signal <sum>.
	Multiplier <Mmult_n0022> in block <A_row> and accumulator <sum> in block <A_row> are combined into a MAC<Mmac_n0022>.
Unit <A_row> synthesized (advanced).

Synthesizing (advanced) Unit <ram>.
INFO:Xst:3226 - The RAM <Mram_ram1> will be implemented as a BLOCK RAM, absorbing the following register(s): <debug_data>
    -----------------------------------------------------------------------
    | ram_type           | Block                               |          |
    -----------------------------------------------------------------------
    | Port A                                                              |
    |     aspect ratio   | 256-word x 8-bit                    |          |
    |     mode           | read-first                          |          |
    |     clkA           | connected to signal <Clk>           | rise     |
    |     weA            | connected to signal <we>            | high     |
    |     addrA          | connected to signal <w_address[7]_GND_7_o_add_0_OUT> |          |
    |     diA            | connected to signal <data_i>        |          |
    -----------------------------------------------------------------------
    | optimization       | speed                               |          |
    -----------------------------------------------------------------------
    | Port B                                                              |
    |     aspect ratio   | 256-word x 8-bit                    |          |
    |     mode           | write-first                         |          |
    |     clkB           | connected to signal <Clk>           | rise     |
    |     addrB          | connected to signal <debug_read>    |          |
    |     doB            | connected to signal <debug_data>    |          |
    -----------------------------------------------------------------------
    | optimization       | speed                               |          |
    -----------------------------------------------------------------------
INFO:Xst:3226 - The RAM <Mram_ram> will be implemented as a BLOCK RAM, absorbing the following register(s): <data_o>
    -----------------------------------------------------------------------
    | ram_type           | Block                               |          |
    -----------------------------------------------------------------------
    | Port A                                                              |
    |     aspect ratio   | 256-word x 8-bit                    |          |
    |     mode           | read-first                          |          |
    |     clkA           | connected to signal <Clk>           | rise     |
    |     weA            | connected to signal <we>            | high     |
    |     addrA          | connected to signal <w_address[7]_GND_7_o_add_0_OUT> |          |
    |     diA            | connected to signal <data_i>        |          |
    -----------------------------------------------------------------------
    | optimization       | speed                               |          |
    -----------------------------------------------------------------------
    | Port B                                                              |
    |     aspect ratio   | 256-word x 8-bit                    |          |
    |     mode           | write-first                         |          |
    |     clkB           | connected to signal <Clk>           | rise     |
    |     addrB          | connected to signal <r_address>     |          |
    |     doB            | connected to signal <data_o>        |          |
    -----------------------------------------------------------------------
    | optimization       | speed                               |          |
    -----------------------------------------------------------------------
Unit <ram> synthesized (advanced).

Synthesizing (advanced) Unit <ram_store>.
INFO:Xst:3226 - The RAM <Mram_ram> will be implemented as a BLOCK RAM, absorbing the following register(s): <data_o>
    -----------------------------------------------------------------------
    | ram_type           | Block                               |          |
    -----------------------------------------------------------------------
    | Port A                                                              |
    |     aspect ratio   | 256-word x 8-bit                    |          |
    |     mode           | read-first                          |          |
    |     clkA           | connected to signal <Clk>           | rise     |
    |     weA            | connected to signal <we>            | high     |
    |     addrA          | connected to signal <w_address[7]_GND_28_o_add_0_OUT> |          |
    |     diA            | connected to signal <data_i>        |          |
    -----------------------------------------------------------------------
    | optimization       | speed                               |          |
    -----------------------------------------------------------------------
    | Port B                                                              |
    |     aspect ratio   | 256-word x 8-bit                    |          |
    |     mode           | write-first                         |          |
    |     clkB           | connected to signal <Clk>           | rise     |
    |     addrB          | connected to signal <r_address>     |          |
    |     doB            | connected to signal <data_o>        |          |
    -----------------------------------------------------------------------
    | optimization       | speed                               |          |
    -----------------------------------------------------------------------
Unit <ram_store> synthesized (advanced).

Synthesizing (advanced) Unit <top>.
The following registers are absorbed into counter <fetch_count>: 1 register on signal <fetch_count>.
The following registers are absorbed into counter <multiply_count>: 1 register on signal <multiply_count>.
The following registers are absorbed into counter <store_data_count>: 1 register on signal <store_data_count>.
The following registers are absorbed into counter <Arow1_count>: 1 register on signal <Arow1_count>.
The following registers are absorbed into counter <B_count>: 1 register on signal <B_count>.
The following registers are absorbed into counter <Arow2_count>: 1 register on signal <Arow2_count>.
The following registers are absorbed into counter <s1_count>: 1 register on signal <s1_count>.
The following registers are absorbed into counter <s2_count>: 1 register on signal <s2_count>.
The following registers are absorbed into counter <col>: 1 register on signal <col>.
The following registers are absorbed into counter <module_enable>: 1 register on signal <module_enable>.
The following registers are absorbed into counter <col_read>: 1 register on signal <col_read>.
Unit <top> synthesized (advanced).

=========================================================================
Advanced HDL Synthesis Report

Macro Statistics
# RAMs                                                 : 8
 256x8-bit dual-port block RAM                         : 8
# MACs                                                 : 2
 8x8-to-8-bit MAC                                      : 2
# Adders/Subtractors                                   : 7
 3-bit adder                                           : 1
 32-bit subtractor                                     : 1
 8-bit adder                                           : 5
# Counters                                             : 11
 2-bit up counter                                      : 2
 8-bit up counter                                      : 9
# Registers                                            : 77
 Flip-Flops                                            : 77
# Comparators                                          : 3
 2-bit comparator equal                                : 2
 2-bit comparator greater                              : 1
# Multiplexers                                         : 50
 1-bit 2-to-1 multiplexer                              : 34
 2-bit 2-to-1 multiplexer                              : 7
 3-bit 2-to-1 multiplexer                              : 2
 32-bit 2-to-1 multiplexer                             : 5
 8-bit 2-to-1 multiplexer                              : 2
# FSMs                                                 : 1

=========================================================================

=========================================================================
*                         Low Level Synthesis                           *
=========================================================================
Analyzing FSM <MFsm> for best encoding.
Optimizing FSM <comm_fpga_fx2/FSM_0> on signal <state[1:4]> with user encoding.
------------------------------------
 State                  | Encoding
------------------------------------
 s_idle                 | 0000
 s_get_count0           | 0001
 s_get_count1           | 0010
 s_get_count2           | 0011
 s_get_count3           | 0100
 s_begin_write          | 0101
 s_write                | 0110
 s_end_write_aligned    | 0111
 s_end_write_nonaligned | 1000
 s_read                 | 1001
------------------------------------

Optimizing unit <top> ...
WARNING:Xst:1293 - FF/Latch <store_data_count_7> has a constant value of 0 in block <top>. This FF/Latch will be trimmed during the optimization process.
WARNING:Xst:1896 - Due to other FF/Latch trimming, FF/Latch <store_data_count_6> has a constant value of 0 in block <top>. This FF/Latch will be trimmed during the optimization process.
WARNING:Xst:1896 - Due to other FF/Latch trimming, FF/Latch <store_data_count_5> has a constant value of 0 in block <top>. This FF/Latch will be trimmed during the optimization process.
WARNING:Xst:1896 - Due to other FF/Latch trimming, FF/Latch <store_data_count_4> has a constant value of 0 in block <top>. This FF/Latch will be trimmed during the optimization process.
WARNING:Xst:1896 - Due to other FF/Latch trimming, FF/Latch <store_data_count_3> has a constant value of 0 in block <top>. This FF/Latch will be trimmed during the optimization process.
WARNING:Xst:1896 - Due to other FF/Latch trimming, FF/Latch <store_data_count_2> has a constant value of 0 in block <top>. This FF/Latch will be trimmed during the optimization process.
WARNING:Xst:1896 - Due to other FF/Latch trimming, FF/Latch <col_read_7> has a constant value of 0 in block <top>. This FF/Latch will be trimmed during the optimization process.
WARNING:Xst:1896 - Due to other FF/Latch trimming, FF/Latch <col_read_6> has a constant value of 0 in block <top>. This FF/Latch will be trimmed during the optimization process.
WARNING:Xst:1896 - Due to other FF/Latch trimming, FF/Latch <col_read_5> has a constant value of 0 in block <top>. This FF/Latch will be trimmed during the optimization process.
WARNING:Xst:1896 - Due to other FF/Latch trimming, FF/Latch <col_read_4> has a constant value of 0 in block <top>. This FF/Latch will be trimmed during the optimization process.
WARNING:Xst:1896 - Due to other FF/Latch trimming, FF/Latch <col_read_3> has a constant value of 0 in block <top>. This FF/Latch will be trimmed during the optimization process.
WARNING:Xst:1896 - Due to other FF/Latch trimming, FF/Latch <col_read_2> has a constant value of 0 in block <top>. This FF/Latch will be trimmed during the optimization process.
WARNING:Xst:1896 - Due to other FF/Latch trimming, FF/Latch <col_1> has a constant value of 0 in block <top>. This FF/Latch will be trimmed during the optimization process.
WARNING:Xst:1896 - Due to other FF/Latch trimming, FF/Latch <multiply_count_7> has a constant value of 0 in block <top>. This FF/Latch will be trimmed during the optimization process.
WARNING:Xst:1896 - Due to other FF/Latch trimming, FF/Latch <multiply_count_6> has a constant value of 0 in block <top>. This FF/Latch will be trimmed during the optimization process.
WARNING:Xst:1896 - Due to other FF/Latch trimming, FF/Latch <multiply_count_5> has a constant value of 0 in block <top>. This FF/Latch will be trimmed during the optimization process.
WARNING:Xst:1896 - Due to other FF/Latch trimming, FF/Latch <multiply_count_4> has a constant value of 0 in block <top>. This FF/Latch will be trimmed during the optimization process.
WARNING:Xst:1896 - Due to other FF/Latch trimming, FF/Latch <multiply_count_3> has a constant value of 0 in block <top>. This FF/Latch will be trimmed during the optimization process.
WARNING:Xst:1896 - Due to other FF/Latch trimming, FF/Latch <fetch_count_7> has a constant value of 0 in block <top>. This FF/Latch will be trimmed during the optimization process.
WARNING:Xst:1896 - Due to other FF/Latch trimming, FF/Latch <fetch_count_6> has a constant value of 0 in block <top>. This FF/Latch will be trimmed during the optimization process.
WARNING:Xst:1896 - Due to other FF/Latch trimming, FF/Latch <fetch_count_5> has a constant value of 0 in block <top>. This FF/Latch will be trimmed during the optimization process.
WARNING:Xst:1896 - Due to other FF/Latch trimming, FF/Latch <fetch_count_4> has a constant value of 0 in block <top>. This FF/Latch will be trimmed during the optimization process.
WARNING:Xst:1896 - Due to other FF/Latch trimming, FF/Latch <fetch_count_3> has a constant value of 0 in block <top>. This FF/Latch will be trimmed during the optimization process.
WARNING:Xst:1896 - Due to other FF/Latch trimming, FF/Latch <col_send_1> has a constant value of 0 in block <top>. This FF/Latch will be trimmed during the optimization process.
INFO:Xst:2261 - The FF/Latch <fetch_count_0> in Unit <top> is equivalent to the following FF/Latch, which will be removed : <col_read_0> 
INFO:Xst:2261 - The FF/Latch <processing_stop> in Unit <top> is equivalent to the following FF/Latch, which will be removed : <store_data_count_1> 
INFO:Xst:2261 - The FF/Latch <multiply_count_0> in Unit <top> is equivalent to the following FF/Latch, which will be removed : <col_read_1> 

Mapping all equations...
Building and optimizing final netlist ...
Found area constraint ratio of 100 (+ 5) on block top, actual ratio is 1.
FlipFlop comm_fpga_fx2/chanAddr_1 has been replicated 1 time(s)
FlipFlop comm_fpga_fx2/chanAddr_2 has been replicated 1 time(s)
FlipFlop comm_fpga_fx2/chanAddr_4 has been replicated 1 time(s)
FlipFlop comm_fpga_fx2/state_FSM_FFd1 has been replicated 3 time(s)
FlipFlop comm_fpga_fx2/state_FSM_FFd2 has been replicated 2 time(s)
FlipFlop comm_fpga_fx2/state_FSM_FFd3 has been replicated 2 time(s)
FlipFlop comm_fpga_fx2/state_FSM_FFd4 has been replicated 2 time(s)

Final Macro Processing ...

=========================================================================
Final Register Report

Macro Statistics
# Registers                                            : 142
 Flip-Flops                                            : 142

=========================================================================

=========================================================================
*                           Partition Report                            *
=========================================================================

Partition Implementation Status
-------------------------------

  No Partitions were found in this design.

-------------------------------

=========================================================================
*                            Design Summary                             *
=========================================================================

Top Level Output File Name         : top.ngc

Primitive and Black Box Usage:
------------------------------
# BELS                             : 492
#      GND                         : 1
#      INV                         : 43
#      LUT1                        : 40
#      LUT2                        : 17
#      LUT3                        : 21
#      LUT4                        : 18
#      LUT5                        : 67
#      LUT6                        : 134
#      MUXCY                       : 70
#      MUXF7                       : 1
#      VCC                         : 1
#      XORCY                       : 79
# FlipFlops/Latches                : 142
#      FD                          : 18
#      FDE                         : 122
#      FDR                         : 1
#      FDRE                        : 1
# RAMS                             : 8
#      RAMB8BWER                   : 8
# Clock Buffers                    : 2
#      BUFGP                       : 2
# IO Buffers                       : 29
#      IBUF                        : 10
#      IOBUF                       : 8
#      OBUF                        : 11
# DSPs                             : 2
#      DSP48A1                     : 2

Device utilization summary:
---------------------------

Selected Device : 6slx45csg324-3 


Slice Logic Utilization: 
 Number of Slice Registers:             142  out of  54576     0%  
 Number of Slice LUTs:                  340  out of  27288     1%  
    Number used as Logic:               340  out of  27288     1%  

Slice Logic Distribution: 
 Number of LUT Flip Flop pairs used:    373
   Number with an unused Flip Flop:     231  out of    373    61%  
   Number with an unused LUT:            33  out of    373     8%  
   Number of fully used LUT-FF pairs:   109  out of    373    29%  
   Number of unique control sets:        15

IO Utilization: 
 Number of IOs:                          34
 Number of bonded IOBs:                  31  out of    218    14%  

Specific Feature Utilization:
 Number of Block RAM/FIFO:                4  out of    116     3%  
    Number using Block RAM only:          4
 Number of BUFG/BUFGCTRLs:                2  out of     16    12%  
 Number of DSP48A1s:                      2  out of     58     3%  

---------------------------
Partition Resource Summary:
---------------------------

  No Partitions were found in this design.

---------------------------


=========================================================================
Timing Report

NOTE: THESE TIMING NUMBERS ARE ONLY A SYNTHESIS ESTIMATE.
      FOR ACCURATE TIMING INFORMATION PLEASE REFER TO THE TRACE REPORT
      GENERATED AFTER PLACE-and-ROUTE.

Clock Information:
------------------
-----------------------------------+------------------------+-------+
Clock Signal                       | Clock buffer(FF name)  | Load  |
-----------------------------------+------------------------+-------+
fx2Clk_in                          | BUFGP                  | 144   |
clk                                | BUFGP                  | 8     |
-----------------------------------+------------------------+-------+

Asynchronous Control Signals Information:
----------------------------------------
No asynchronous control signals found in this design

Timing Summary:
---------------
Speed Grade: -3

   Minimum period: 3.783ns (Maximum Frequency: 264.365MHz)
   Minimum input arrival time before clock: 4.902ns
   Maximum output required time after clock: 9.755ns
   Maximum combinational path delay: 7.711ns

Timing Details:
---------------
All values displayed in nanoseconds (ns)

=========================================================================
Timing constraint: Default period analysis for Clock 'fx2Clk_in'
  Clock period: 3.783ns (frequency: 264.365MHz)
  Total number of paths / destination ports: 2468 / 259
-------------------------------------------------------------------------
Delay:               3.783ns (Levels of Logic = 3)
  Source:            comm_fpga_fx2/count_14 (FF)
  Destination:       comm_fpga_fx2/state_FSM_FFd2 (FF)
  Source Clock:      fx2Clk_in rising
  Destination Clock: fx2Clk_in rising

  Data Path: comm_fpga_fx2/count_14 to comm_fpga_fx2/state_FSM_FFd2
                                Gate     Net
    Cell:in->out      fanout   Delay   Delay  Logical Name (Net Name)
    ----------------------------------------  ------------
     FDE:C->Q              3   0.447   1.015  comm_fpga_fx2/count_14 (comm_fpga_fx2/count_14)
     LUT6:I0->O            1   0.203   0.924  comm_fpga_fx2/count[31]_GND_29_o_equal_19_o<31>5 (comm_fpga_fx2/count[31]_GND_29_o_equal_19_o<31>4)
     LUT6:I1->O            4   0.203   0.684  comm_fpga_fx2/count[31]_GND_29_o_equal_19_o<31>6 (comm_fpga_fx2/count[31]_GND_29_o_equal_19_o)
     LUT6:I5->O            4   0.205   0.000  comm_fpga_fx2/state_FSM_FFd1-In5 (comm_fpga_fx2/state_FSM_FFd1-In)
     FD:D                      0.102          comm_fpga_fx2/state_FSM_FFd1
    ----------------------------------------
    Total                      3.783ns (1.160ns logic, 2.623ns route)
                                       (30.7% logic, 69.3% route)

=========================================================================
Timing constraint: Default OFFSET IN BEFORE for Clock 'fx2Clk_in'
  Total number of paths / destination ports: 264 / 157
-------------------------------------------------------------------------
Offset:              4.902ns (Levels of Logic = 2)
  Source:            fx2GotRoom_in (PAD)
  Destination:       comm_fpga_fx2/count_31 (FF)
  Destination Clock: fx2Clk_in rising

  Data Path: fx2GotRoom_in to comm_fpga_fx2/count_31
                                Gate     Net
    Cell:in->out      fanout   Delay   Delay  Logical Name (Net Name)
    ----------------------------------------  ------------
     IBUF:I->O            48   1.222   1.864  fx2GotRoom_in_IBUF (fx2GotRoom_in_IBUF)
     LUT6:I1->O           32   0.203   1.291  comm_fpga_fx2/_n0223_inv1 (comm_fpga_fx2/_n0223_inv)
     FDE:CE                    0.322          comm_fpga_fx2/count_0
    ----------------------------------------
    Total                      4.902ns (1.747ns logic, 3.155ns route)
                                       (35.6% logic, 64.4% route)

=========================================================================
Timing constraint: Default OFFSET OUT AFTER for Clock 'fx2Clk_in'
  Total number of paths / destination ports: 638 / 18
-------------------------------------------------------------------------
Offset:              9.755ns (Levels of Logic = 6)
  Source:            comm_fpga_fx2/chanAddr_4 (FF)
  Destination:       fx2Data_io<2> (PAD)
  Source Clock:      fx2Clk_in rising

  Data Path: comm_fpga_fx2/chanAddr_4 to fx2Data_io<2>
                                Gate     Net
    Cell:in->out      fanout   Delay   Delay  Logical Name (Net Name)
    ----------------------------------------  ------------
     FDE:C->Q             24   0.447   1.517  comm_fpga_fx2/chanAddr_4 (comm_fpga_fx2/chanAddr_4)
     LUT5:I0->O           26   0.203   1.435  GND_4_o_chanAddr[6]_equal_101_o<6>11 (GND_4_o_chanAddr[6]_equal_101_o<6>1)
     LUT3:I0->O            1   0.205   0.580  comm_fpga_fx2/Mmux_dataOut36 (comm_fpga_fx2/Mmux_dataOut35)
     LUT6:I5->O            1   0.205   0.924  comm_fpga_fx2/Mmux_dataOut37 (comm_fpga_fx2/Mmux_dataOut36)
     LUT5:I0->O            1   0.203   0.684  comm_fpga_fx2/Mmux_dataOut310_SW0 (N80)
     LUT6:I4->O            1   0.203   0.579  comm_fpga_fx2/Mmux_dataOut310 (comm_fpga_fx2/dataOut<2>)
     IOBUF:I->IO               2.571          fx2Data_io_2_IOBUF (fx2Data_io<2>)
    ----------------------------------------
    Total                      9.755ns (4.037ns logic, 5.718ns route)
                                       (41.4% logic, 58.6% route)

=========================================================================
Timing constraint: Default OFFSET OUT AFTER for Clock 'clk'
  Total number of paths / destination ports: 66 / 8
-------------------------------------------------------------------------
Offset:              8.583ns (Levels of Logic = 5)
  Source:            s2/Mram_ram (RAM)
  Destination:       fx2Data_io<2> (PAD)
  Source Clock:      clk rising

  Data Path: s2/Mram_ram to fx2Data_io<2>
                                Gate     Net
    Cell:in->out      fanout   Delay   Delay  Logical Name (Net Name)
    ----------------------------------------  ------------
     RAMB8BWER:CLKBRDCLK->DOBDO2    1   1.850   0.580  s2/Mram_ram (s_o2<2>)
     LUT3:I2->O            1   0.205   0.580  comm_fpga_fx2/Mmux_dataOut36 (comm_fpga_fx2/Mmux_dataOut35)
     LUT6:I5->O            1   0.205   0.924  comm_fpga_fx2/Mmux_dataOut37 (comm_fpga_fx2/Mmux_dataOut36)
     LUT5:I0->O            1   0.203   0.684  comm_fpga_fx2/Mmux_dataOut310_SW0 (N80)
     LUT6:I4->O            1   0.203   0.579  comm_fpga_fx2/Mmux_dataOut310 (comm_fpga_fx2/dataOut<2>)
     IOBUF:I->IO               2.571          fx2Data_io_2_IOBUF (fx2Data_io<2>)
    ----------------------------------------
    Total                      8.583ns (5.237ns logic, 3.346ns route)
                                       (61.0% logic, 39.0% route)

=========================================================================
Timing constraint: Default path analysis
  Total number of paths / destination ports: 27 / 11
-------------------------------------------------------------------------
Delay:               7.711ns (Levels of Logic = 4)
  Source:            fx2GotRoom_in (PAD)
  Destination:       fx2Data_io<7> (PAD)

  Data Path: fx2GotRoom_in to fx2Data_io<7>
                                Gate     Net
    Cell:in->out      fanout   Delay   Delay  Logical Name (Net Name)
    ----------------------------------------  ------------
     IBUF:I->O            48   1.222   1.767  fx2GotRoom_in_IBUF (fx2GotRoom_in_IBUF)
     LUT5:I1->O            8   0.203   1.167  comm_fpga_fx2/Mmux_dataOut81 (comm_fpga_fx2/Mmux_dataOut1)
     LUT6:I0->O            1   0.203   0.579  comm_fpga_fx2/Mmux_dataOut410 (comm_fpga_fx2/dataOut<3>)
     IOBUF:I->IO               2.571          fx2Data_io_3_IOBUF (fx2Data_io<3>)
    ----------------------------------------
    Total                      7.711ns (4.199ns logic, 3.512ns route)
                                       (54.5% logic, 45.5% route)

=========================================================================

Cross Clock Domains Report:
--------------------------

Clock to Setup on destination clock clk
---------------+---------+---------+---------+---------+
               | Src:Rise| Src:Fall| Src:Rise| Src:Fall|
Source Clock   |Dest:Rise|Dest:Rise|Dest:Fall|Dest:Fall|
---------------+---------+---------+---------+---------+
fx2Clk_in      |    2.629|         |         |         |
---------------+---------+---------+---------+---------+

Clock to Setup on destination clock fx2Clk_in
---------------+---------+---------+---------+---------+
               | Src:Rise| Src:Fall| Src:Rise| Src:Fall|
Source Clock   |Dest:Rise|Dest:Rise|Dest:Fall|Dest:Fall|
---------------+---------+---------+---------+---------+
clk            |    6.816|         |         |         |
fx2Clk_in      |    3.783|         |         |         |
---------------+---------+---------+---------+---------+

=========================================================================


Total REAL time to Xst completion: 8.00 secs
Total CPU time to Xst completion: 8.23 secs
 
--> 

Total memory usage is 291260 kilobytes

Number of errors   :    0 (   0 filtered)
Number of warnings :   24 (   0 filtered)
Number of infos    :    8 (   0 filtered)

